-------------------------------------------------------------------------------
Test set: ru.otus.ea.dao.BookDaoTest
-------------------------------------------------------------------------------
Tests run: 2, Failures: 0, Errors: 2, Skipped: 0, Time elapsed: 88.539 s <<< FAILURE! - in ru.otus.ea.dao.BookDaoTest
when_FindBook_thenCorrect  Time elapsed: 0.066 s  <<< ERROR!
java.lang.IllegalStateException: Failed to load ApplicationContext
Caused by: org.springframework.beans.factory.BeanCreationException: Error creating bean with name 'userRepository': Invocation of init method failed; nested exception is java.lang.IllegalArgumentException: Failed to create query for method public abstract java.util.List ru.otus.ea.dao.UserRepository.bookDao(java.util.List,java.util.List,java.util.Date)! No property bookDao found for type User!
Caused by: java.lang.IllegalArgumentException: Failed to create query for method public abstract java.util.List ru.otus.ea.dao.UserRepository.bookDao(java.util.List,java.util.List,java.util.Date)! No property bookDao found for type User!
Caused by: org.springframework.data.mapping.PropertyReferenceException: No property bookDao found for type User!

when_findBookByNameAndSite_thenCorrect  Time elapsed: 0 s  <<< ERROR!
java.lang.IllegalStateException: Failed to load ApplicationContext
Caused by: org.springframework.beans.factory.BeanCreationException: Error creating bean with name 'userRepository': Invocation of init method failed; nested exception is java.lang.IllegalArgumentException: Failed to create query for method public abstract java.util.List ru.otus.ea.dao.UserRepository.bookDao(java.util.List,java.util.List,java.util.Date)! No property bookDao found for type User!
Caused by: java.lang.IllegalArgumentException: Failed to create query for method public abstract java.util.List ru.otus.ea.dao.UserRepository.bookDao(java.util.List,java.util.List,java.util.Date)! No property bookDao found for type User!
Caused by: org.springframework.data.mapping.PropertyReferenceException: No property bookDao found for type User!

