-------------------------------------------------------------------------------
Test set: ru.otus.ea.dao.InitialDataTest
-------------------------------------------------------------------------------
Tests run: 7, Failures: 0, Errors: 7, Skipped: 0, Time elapsed: 50.995 s <<< FAILURE! - in ru.otus.ea.dao.InitialDataTest
givenGenres_whenCheckBook_thenCorrect  Time elapsed: 0.003 s  <<< ERROR!
java.lang.IllegalStateException: Failed to load ApplicationContext
Caused by: org.springframework.beans.factory.BeanCreationException: Error creating bean with name 'userRepository': Invocation of init method failed; nested exception is java.lang.IllegalArgumentException: Failed to create query for method public abstract java.util.List ru.otus.ea.dao.UserRepository.bookDao(java.util.List,java.util.List,java.util.Date)! No property bookDao found for type User!
Caused by: java.lang.IllegalArgumentException: Failed to create query for method public abstract java.util.List ru.otus.ea.dao.UserRepository.bookDao(java.util.List,java.util.List,java.util.Date)! No property bookDao found for type User!
Caused by: org.springframework.data.mapping.PropertyReferenceException: No property bookDao found for type User!

givenAuthor_whenCheckBooks_thenCorrect  Time elapsed: 0.001 s  <<< ERROR!
java.lang.IllegalStateException: Failed to load ApplicationContext
Caused by: org.springframework.beans.factory.BeanCreationException: Error creating bean with name 'userRepository': Invocation of init method failed; nested exception is java.lang.IllegalArgumentException: Failed to create query for method public abstract java.util.List ru.otus.ea.dao.UserRepository.bookDao(java.util.List,java.util.List,java.util.Date)! No property bookDao found for type User!
Caused by: java.lang.IllegalArgumentException: Failed to create query for method public abstract java.util.List ru.otus.ea.dao.UserRepository.bookDao(java.util.List,java.util.List,java.util.Date)! No property bookDao found for type User!
Caused by: org.springframework.data.mapping.PropertyReferenceException: No property bookDao found for type User!

whenCountSites_thenCorrect  Time elapsed: 0.001 s  <<< ERROR!
java.lang.IllegalStateException: Failed to load ApplicationContext
Caused by: org.springframework.beans.factory.BeanCreationException: Error creating bean with name 'userRepository': Invocation of init method failed; nested exception is java.lang.IllegalArgumentException: Failed to create query for method public abstract java.util.List ru.otus.ea.dao.UserRepository.bookDao(java.util.List,java.util.List,java.util.Date)! No property bookDao found for type User!
Caused by: java.lang.IllegalArgumentException: Failed to create query for method public abstract java.util.List ru.otus.ea.dao.UserRepository.bookDao(java.util.List,java.util.List,java.util.Date)! No property bookDao found for type User!
Caused by: org.springframework.data.mapping.PropertyReferenceException: No property bookDao found for type User!

whenCountVisit_thenCorrect  Time elapsed: 0 s  <<< ERROR!
java.lang.IllegalStateException: Failed to load ApplicationContext
Caused by: org.springframework.beans.factory.BeanCreationException: Error creating bean with name 'userRepository': Invocation of init method failed; nested exception is java.lang.IllegalArgumentException: Failed to create query for method public abstract java.util.List ru.otus.ea.dao.UserRepository.bookDao(java.util.List,java.util.List,java.util.Date)! No property bookDao found for type User!
Caused by: java.lang.IllegalArgumentException: Failed to create query for method public abstract java.util.List ru.otus.ea.dao.UserRepository.bookDao(java.util.List,java.util.List,java.util.Date)! No property bookDao found for type User!
Caused by: org.springframework.data.mapping.PropertyReferenceException: No property bookDao found for type User!

whenCountGenres_thenCorrect  Time elapsed: 0.001 s  <<< ERROR!
java.lang.IllegalStateException: Failed to load ApplicationContext
Caused by: org.springframework.beans.factory.BeanCreationException: Error creating bean with name 'userRepository': Invocation of init method failed; nested exception is java.lang.IllegalArgumentException: Failed to create query for method public abstract java.util.List ru.otus.ea.dao.UserRepository.bookDao(java.util.List,java.util.List,java.util.Date)! No property bookDao found for type User!
Caused by: java.lang.IllegalArgumentException: Failed to create query for method public abstract java.util.List ru.otus.ea.dao.UserRepository.bookDao(java.util.List,java.util.List,java.util.Date)! No property bookDao found for type User!
Caused by: org.springframework.data.mapping.PropertyReferenceException: No property bookDao found for type User!

whenCountAuthors_thenCorrect  Time elapsed: 0 s  <<< ERROR!
java.lang.IllegalStateException: Failed to load ApplicationContext
Caused by: org.springframework.beans.factory.BeanCreationException: Error creating bean with name 'userRepository': Invocation of init method failed; nested exception is java.lang.IllegalArgumentException: Failed to create query for method public abstract java.util.List ru.otus.ea.dao.UserRepository.bookDao(java.util.List,java.util.List,java.util.Date)! No property bookDao found for type User!
Caused by: java.lang.IllegalArgumentException: Failed to create query for method public abstract java.util.List ru.otus.ea.dao.UserRepository.bookDao(java.util.List,java.util.List,java.util.Date)! No property bookDao found for type User!
Caused by: org.springframework.data.mapping.PropertyReferenceException: No property bookDao found for type User!

whenCountBooks_thenCorrect  Time elapsed: 0.001 s  <<< ERROR!
java.lang.IllegalStateException: Failed to load ApplicationContext
Caused by: org.springframework.beans.factory.BeanCreationException: Error creating bean with name 'userRepository': Invocation of init method failed; nested exception is java.lang.IllegalArgumentException: Failed to create query for method public abstract java.util.List ru.otus.ea.dao.UserRepository.bookDao(java.util.List,java.util.List,java.util.Date)! No property bookDao found for type User!
Caused by: java.lang.IllegalArgumentException: Failed to create query for method public abstract java.util.List ru.otus.ea.dao.UserRepository.bookDao(java.util.List,java.util.List,java.util.Date)! No property bookDao found for type User!
Caused by: org.springframework.data.mapping.PropertyReferenceException: No property bookDao found for type User!

